SF:/home/f3ath/project/marker/lib/flavors.dart
DA:7,3
DA:8,2
DA:9,2
DA:10,2
DA:11,2
DA:12,2
DA:13,2
DA:14,2
DA:15,2
DA:16,2
DA:17,2
DA:18,2
DA:19,2
DA:20,2
DA:21,2
DA:22,2
DA:23,2
DA:24,2
DA:25,2
DA:26,2
DA:27,2
DA:31,3
DA:32,2
DA:33,2
DA:34,2
DA:35,2
DA:36,0
DA:37,0
DA:38,0
DA:39,2
DA:40,0
DA:41,0
DA:42,0
DA:43,2
DA:44,2
DA:45,0
DA:46,0
DA:47,0
DA:48,0
DA:49,0
DA:50,2
DA:51,0
LF:42
LH:30
end_of_record
SF:/home/f3ath/project/marker/lib/marker.dart
DA:12,1
DA:16,1
DA:17,2
DA:18,3
DA:19,6
LF:5
LH:5
end_of_record
SF:/home/f3ath/project/marker/lib/ast.dart
DA:5,1
DA:25,1
DA:26,4
DA:33,3
DA:35,1
DA:37,4
DA:40,1
DA:42,2
DA:43,2
DA:44,4
DA:47,1
DA:49,1
DA:50,4
DA:51,3
DA:52,2
DA:72,1
DA:73,2
DA:77,1
DA:78,1
DA:79,1
DA:81,5
DA:83,5
DA:85,2
DA:87,5
DA:100,1
DA:102,1
DA:103,5
DA:104,1
DA:110,1
DA:112,2
DA:113,2
DA:114,1
DA:116,0
DA:121,4
LF:34
LH:33
end_of_record
SF:/home/f3ath/project/marker/lib/src/flavors/changelog.dart
DA:5,1
DA:7,2
DA:8,2
DA:9,2
DA:10,0
DA:12,3
DA:13,1
DA:19,1
DA:21,1
DA:22,3
DA:23,1
DA:24,1
DA:25,3
DA:26,3
DA:27,2
DA:29,2
DA:32,1
DA:33,1
LF:18
LH:17
end_of_record
SF:/home/f3ath/project/marker/lib/src/flavors/original.dart
DA:6,1
DA:10,1
DA:11,5
DA:15,1
DA:16,2
DA:20,1
DA:25,1
DA:28,1
DA:29,1
DA:30,1
DA:31,4
DA:32,2
DA:37,1
DA:39,7
DA:43,1
DA:46,8
DA:52,1
DA:54,5
DA:55,1
DA:56,2
DA:57,1
DA:58,1
DA:59,3
DA:61,1
DA:66,4
DA:68,3
DA:70,1
DA:71,2
DA:74,2
DA:83,1
DA:85,2
DA:86,4
DA:88,2
DA:89,1
DA:91,4
DA:94,1
DA:95,2
DA:99,1
DA:104,1
DA:108,1
DA:109,4
DA:113,1
DA:115,2
DA:116,2
DA:117,2
DA:118,4
DA:121,1
DA:122,1
DA:124,2
DA:125,3
DA:126,1
DA:131,1
DA:133,2
DA:134,2
DA:135,4
DA:137,2
DA:138,1
DA:139,1
DA:141,2
DA:142,3
DA:143,1
DA:149,1
DA:150,1
DA:151,1
DA:152,1
DA:153,1
DA:154,1
LF:67
LH:67
end_of_record
